<?xml version="1.0" encoding="UTF-8"?>
<testng-results skipped="1" failed="0" total="2" passed="1">
  <reporter-output>
    <line>
      <![CDATA[Step1 : Login to application]]>
    </line>
    <line>
      <![CDATA[Login is Sucessfull]]>
    </line>
    <line>
      <![CDATA[Get data from excel]]>
    </line>
    <line>
      <![CDATA[Navigate to taskpage ]]>
    </line>
    <line>
      <![CDATA[Navigate to User page]]>
    </line>
    <line>
      <![CDATA[Step 4 :User creation page]]>
    </line>
    <line>
      <![CDATA[Step5:Create user]]>
    </line>
    <line>
      <![CDATA[actMsg=User List]]>
    </line>
    <line>
      <![CDATA[Step 6:Create user suceess]]>
    </line>
    <line>
      <![CDATA[step 7:logout]]>
    </line>
  </reporter-output>
  <suite name="Default suite" duration-ms="34483" started-at="2016-08-06T03:18:02Z" finished-at="2016-08-06T03:18:37Z">
    <groups>
    </groups>
    <test name="Default test" duration-ms="34483" started-at="2016-08-06T03:18:02Z" finished-at="2016-08-06T03:18:37Z">
      <class name="com.actitime.userTest2.UserTest">
        <test-method status="PASS" signature="configBeforeClass()[pri:0, instance:com.actitime.userTest2.UserTest@28d25987]" name="configBeforeClass" is-config="true" duration-ms="13763" started-at="2016-08-05T20:18:02Z" finished-at="2016-08-05T20:18:16Z">
          <reporter-output>
          </reporter-output>
        </test-method> <!-- configBeforeClass -->
        <test-method status="PASS" signature="configBeforemethod()[pri:0, instance:com.actitime.userTest2.UserTest@28d25987]" name="configBeforemethod" is-config="true" duration-ms="9424" started-at="2016-08-05T20:18:16Z" finished-at="2016-08-05T20:18:25Z">
          <reporter-output>
            <line>
              <![CDATA[Step1 : Login to application]]>
            </line>
            <line>
              <![CDATA[Login is Sucessfull]]>
            </line>
          </reporter-output>
        </test-method> <!-- configBeforemethod -->
        <test-method status="PASS" signature="createUserTest()[pri:0, instance:com.actitime.userTest2.UserTest@28d25987]" name="createUserTest" duration-ms="10939" started-at="2016-08-05T20:18:25Z" finished-at="2016-08-05T20:18:36Z">
          <reporter-output>
            <line>
              <![CDATA[Get data from excel]]>
            </line>
            <line>
              <![CDATA[Navigate to taskpage ]]>
            </line>
            <line>
              <![CDATA[Navigate to User page]]>
            </line>
            <line>
              <![CDATA[Step 4 :User creation page]]>
            </line>
            <line>
              <![CDATA[Step5:Create user]]>
            </line>
            <line>
              <![CDATA[actMsg=User List]]>
            </line>
            <line>
              <![CDATA[Step 6:Create user suceess]]>
            </line>
          </reporter-output>
        </test-method> <!-- createUserTest -->
        <test-method status="FAIL" signature="configAfterMethod()[pri:0, instance:com.actitime.userTest2.UserTest@28d25987]" name="configAfterMethod" is-config="true" duration-ms="0" started-at="2016-08-05T20:18:36Z" finished-at="2016-08-05T20:18:36Z">
          <exception class="org.openqa.selenium.WebDriverException">
            <message>
              <![CDATA[unknown error: Element is not clickable at point (1316, 12). Other element would receive the click: <img src="/img/default/dialogs/exitconfirm/shade.png?hash=1801785814" id="muar" style="display: block;">
  (Session info: chrome=51.0.2704.106)
  (Driver info: chromedriver=2.22.397933 (1cab651507b88dec79b2b2a22d1943c01833cc1b),platform=Windows NT 6.1.7601 SP1 x86_64) (WARNING: The server did not provide any stacktrace information)
Command duration or timeout: 49 milliseconds
Build info: version: '2.53.1', revision: 'a36b8b1', time: '2016-06-30 17:32:46'
System info: host: 'Dell-PC', ip: '127.0.0.1', os.name: 'Windows 7', os.arch: 'amd64', os.version: '6.1', java.version: '1.8.0_91'
Driver info: org.openqa.selenium.chrome.ChromeDriver
Capabilities [{applicationCacheEnabled=false, rotatable=false, mobileEmulationEnabled=false, chrome={chromedriverVersion=2.22.397933 (1cab651507b88dec79b2b2a22d1943c01833cc1b), userDataDir=C:\Users\Dell\AppData\Local\Temp\scoped_dir1040_4621}, takesHeapSnapshot=true, databaseEnabled=false, handlesAlerts=true, hasTouchScreen=false, version=51.0.2704.106, platform=XP, browserConnectionEnabled=false, nativeEvents=true, acceptSslCerts=true, locationContextEnabled=true, webStorageEnabled=true, browserName=chrome, takesScreenshot=true, javascriptEnabled=true, cssSelectorsEnabled=true}]
Session ID: fa47b75787455f385ffc593abfb80213]]>
            </message>
            <full-stacktrace>
              <![CDATA[org.openqa.selenium.WebDriverException: unknown error: Element is not clickable at point (1316, 12). Other element would receive the click: <img src="/img/default/dialogs/exitconfirm/shade.png?hash=1801785814" id="muar" style="display: block;">
  (Session info: chrome=51.0.2704.106)
  (Driver info: chromedriver=2.22.397933 (1cab651507b88dec79b2b2a22d1943c01833cc1b),platform=Windows NT 6.1.7601 SP1 x86_64) (WARNING: The server did not provide any stacktrace information)
Command duration or timeout: 49 milliseconds
Build info: version: '2.53.1', revision: 'a36b8b1', time: '2016-06-30 17:32:46'
System info: host: 'Dell-PC', ip: '127.0.0.1', os.name: 'Windows 7', os.arch: 'amd64', os.version: '6.1', java.version: '1.8.0_91'
Driver info: org.openqa.selenium.chrome.ChromeDriver
Capabilities [{applicationCacheEnabled=false, rotatable=false, mobileEmulationEnabled=false, chrome={chromedriverVersion=2.22.397933 (1cab651507b88dec79b2b2a22d1943c01833cc1b), userDataDir=C:\Users\Dell\AppData\Local\Temp\scoped_dir1040_4621}, takesHeapSnapshot=true, databaseEnabled=false, handlesAlerts=true, hasTouchScreen=false, version=51.0.2704.106, platform=XP, browserConnectionEnabled=false, nativeEvents=true, acceptSslCerts=true, locationContextEnabled=true, webStorageEnabled=true, browserName=chrome, takesScreenshot=true, javascriptEnabled=true, cssSelectorsEnabled=true}]
Session ID: fa47b75787455f385ffc593abfb80213
	at sun.reflect.NativeConstructorAccessorImpl.newInstance0(Native Method)
	at sun.reflect.NativeConstructorAccessorImpl.newInstance(Unknown Source)
	at sun.reflect.DelegatingConstructorAccessorImpl.newInstance(Unknown Source)
	at java.lang.reflect.Constructor.newInstance(Unknown Source)
	at org.openqa.selenium.remote.ErrorHandler.createThrowable(ErrorHandler.java:206)
	at org.openqa.selenium.remote.ErrorHandler.throwIfResponseFailed(ErrorHandler.java:158)
	at org.openqa.selenium.remote.RemoteWebDriver.execute(RemoteWebDriver.java:678)
	at org.openqa.selenium.remote.RemoteWebElement.execute(RemoteWebElement.java:327)
	at org.openqa.selenium.remote.RemoteWebElement.click(RemoteWebElement.java:85)
	at sun.reflect.NativeMethodAccessorImpl.invoke0(Native Method)
	at sun.reflect.NativeMethodAccessorImpl.invoke(Unknown Source)
	at sun.reflect.DelegatingMethodAccessorImpl.invoke(Unknown Source)
	at java.lang.reflect.Method.invoke(Unknown Source)
	at org.openqa.selenium.support.pagefactory.internal.LocatingElementHandler.invoke(LocatingElementHandler.java:51)
	at com.sun.proxy.$Proxy9.click(Unknown Source)
	at com.actitime.pagepobjectRepo.Common.logout(Common.java:13)
	at com.actitime.userTest2.UserTest.configAfterMethod(UserTest.java:137)
	at sun.reflect.NativeMethodAccessorImpl.invoke0(Native Method)
	at sun.reflect.NativeMethodAccessorImpl.invoke(Unknown Source)
	at sun.reflect.DelegatingMethodAccessorImpl.invoke(Unknown Source)
	at java.lang.reflect.Method.invoke(Unknown Source)
	at org.testng.internal.MethodInvocationHelper.invokeMethod(MethodInvocationHelper.java:85)
	at org.testng.internal.Invoker.invokeConfigurationMethod(Invoker.java:510)
	at org.testng.internal.Invoker.invokeConfigurations(Invoker.java:211)
	at org.testng.internal.Invoker.invokeMethod(Invoker.java:703)
	at org.testng.internal.Invoker.invokeTestMethod(Invoker.java:816)
	at org.testng.internal.Invoker.invokeTestMethods(Invoker.java:1124)
	at org.testng.internal.TestMethodWorker.invokeTestMethods(TestMethodWorker.java:125)
	at org.testng.internal.TestMethodWorker.run(TestMethodWorker.java:108)
	at org.testng.TestRunner.privateRun(TestRunner.java:774)
	at org.testng.TestRunner.run(TestRunner.java:624)
	at org.testng.SuiteRunner.runTest(SuiteRunner.java:359)
	at org.testng.SuiteRunner.runSequentially(SuiteRunner.java:354)
	at org.testng.SuiteRunner.privateRun(SuiteRunner.java:312)
	at org.testng.SuiteRunner.run(SuiteRunner.java:261)
	at org.testng.SuiteRunnerWorker.runSuite(SuiteRunnerWorker.java:52)
	at org.testng.SuiteRunnerWorker.run(SuiteRunnerWorker.java:86)
	at org.testng.TestNG.runSuitesSequentially(TestNG.java:1215)
	at org.testng.TestNG.runSuitesLocally(TestNG.java:1140)
	at org.testng.TestNG.run(TestNG.java:1048)
	at org.testng.remote.AbstractRemoteTestNG.run(AbstractRemoteTestNG.java:126)
	at org.testng.remote.RemoteTestNG.initAndRun(RemoteTestNG.java:137)
	at org.testng.remote.RemoteTestNG.main(RemoteTestNG.java:58)
]]>
            </full-stacktrace>
          </exception> <!-- org.openqa.selenium.WebDriverException -->
          <reporter-output>
            <line>
              <![CDATA[step 7:logout]]>
            </line>
          </reporter-output>
        </test-method> <!-- configAfterMethod -->
        <test-method status="SKIP" signature="configBeforemethod()[pri:0, instance:com.actitime.userTest2.UserTest@28d25987]" name="configBeforemethod" is-config="true" duration-ms="0" started-at="2016-08-05T20:18:37Z" finished-at="2016-08-05T20:18:37Z">
          <reporter-output>
          </reporter-output>
        </test-method> <!-- configBeforemethod -->
        <test-method status="SKIP" signature="modifyUser()[pri:0, instance:com.actitime.userTest2.UserTest@28d25987]" name="modifyUser" duration-ms="2" started-at="2016-08-05T20:18:37Z" finished-at="2016-08-05T20:18:37Z">
          <reporter-output>
          </reporter-output>
        </test-method> <!-- modifyUser -->
        <test-method status="SKIP" signature="configAfterMethod()[pri:0, instance:com.actitime.userTest2.UserTest@28d25987]" name="configAfterMethod" is-config="true" duration-ms="0" started-at="2016-08-05T20:18:37Z" finished-at="2016-08-05T20:18:37Z">
          <reporter-output>
          </reporter-output>
        </test-method> <!-- configAfterMethod -->
        <test-method status="SKIP" signature="configAfterclass()[pri:0, instance:com.actitime.userTest2.UserTest@28d25987]" name="configAfterclass" is-config="true" duration-ms="0" started-at="2016-08-05T20:18:37Z" finished-at="2016-08-05T20:18:37Z">
          <reporter-output>
          </reporter-output>
        </test-method> <!-- configAfterclass -->
      </class> <!-- com.actitime.userTest2.UserTest -->
    </test> <!-- Default test -->
  </suite> <!-- Default suite -->
</testng-results>
