<?xml version="1.0" encoding="UTF-8"?>
<testng-results skipped="0" failed="0" total="1" passed="1">
  <reporter-output>
  </reporter-output>
  <suite name="Activetime" duration-ms="46238" started-at="2017-04-30T11:28:36Z" finished-at="2017-04-30T11:29:22Z">
    <groups>
    </groups>
    <test name="ActivetimeTest" duration-ms="46238" started-at="2017-04-30T11:28:36Z" finished-at="2017-04-30T11:29:22Z">
      <class name="Activetime.LoginToActivetime">
        <test-method status="PASS" signature="login(java.lang.String, java.lang.String)[pri:0, instance:Activetime.LoginToActivetime@62ee68d8]" name="login" duration-ms="46172" started-at="2017-04-30T16:58:36Z" finished-at="2017-04-30T16:59:22Z">
          <params>
            <param index="0">
              <value>
                <![CDATA[Admin]]>
              </value>
            </param>
            <param index="1">
              <value>
                <![CDATA[manager]]>
              </value>
            </param>
          </params>
          <reporter-output>
          </reporter-output>
        </test-method> <!-- login -->
      </class> <!-- Activetime.LoginToActivetime -->
    </test> <!-- ActivetimeTest -->
  </suite> <!-- Activetime -->
</testng-results>
